# JRE version: Java(TM) SE Runtime Environment (17.0.3.1+2) (build 17.0.3.1+2-LTS-6)
# Java VM: Java HotSpot(TM) 64-Bit Server VM (17.0.3.1+2-LTS-6, mixed mode, sharing, tiered, compressed oops, compressed class ptrs, g1 gc, windows-amd64)
GC Precious Log:
 CPUs: 12 total, 12 available
 Memory: 16205M
 Large Page Support: Disabled
 NUMA Support: Disabled
 Compressed Oops: Enabled (Zero based)
 Heap Region Size: 2M
 Heap Min Capacity: 8M
 Heap Initial Capacity: 254M
 Heap Max Capacity: 4052M
 Pre-touch: Disabled
 Parallel Workers: 10
 Concurrent Workers: 3
 Concurrent Refinement Workers: 10
 Periodic GC: Disabled
Heap:
 garbage-first heap   total 583680K, used 440480K [0x0000000702c00000, 0x0000000800000000)
  region size 2048K, 4 young (8192K), 4 survivors (8192K)
 Metaspace       used 65278K, committed 65728K, reserved 1105920K
  class space    used 8662K, committed 8896K, reserved 1048576K
GC Heap History (20 events):
Event: 84.394 GC heap after
{Heap after GC invocations=36 (full 0):
 garbage-first heap   total 378880K, used 314515K [0x0000000702c00000, 0x0000000800000000)
  region size 2048K, 2 young (4096K), 2 survivors (4096K)
 Metaspace       used 65066K, committed 65536K, reserved 1105920K
  class space    used 8657K, committed 8896K, reserved 1048576K
}
Event: 84.816 GC heap before
{Heap before GC invocations=36 (full 0):
 garbage-first heap   total 378880K, used 328851K [0x0000000702c00000, 0x0000000800000000)
  region size 2048K, 9 young (18432K), 2 survivors (4096K)
 Metaspace       used 65066K, committed 65536K, reserved 1105920K
  class space    used 8657K, committed 8896K, reserved 1048576K
}
Event: 84.820 GC heap after
{Heap after GC invocations=37 (full 0):
 garbage-first heap   total 378880K, used 326491K [0x0000000702c00000, 0x0000000800000000)
  region size 2048K, 2 young (4096K), 2 survivors (4096K)
 Metaspace       used 65066K, committed 65536K, reserved 1105920K
  class space    used 8657K, committed 8896K, reserved 1048576K
}
Event: 85.196 GC heap before
{Heap before GC invocations=37 (full 0):
 garbage-first heap   total 378880K, used 340827K [0x0000000702c00000, 0x0000000800000000)
  region size 2048K, 9 young (18432K), 2 survivors (4096K)
 Metaspace       used 65066K, committed 65536K, reserved 1105920K
  class space    used 8657K, committed 8896K, reserved 1048576K
}
Event: 85.200 GC heap after
{Heap after GC invocations=38 (full 0):
 garbage-first heap   total 378880K, used 338701K [0x0000000702c00000, 0x0000000800000000)
  region size 2048K, 2 young (4096K), 2 survivors (4096K)
 Metaspace       used 65066K, committed 65536K, reserved 1105920K
  class space    used 8657K, committed 8896K, reserved 1048576K
}
Event: 85.584 GC heap before
{Heap before GC invocations=38 (full 0):
 garbage-first heap   total 378880K, used 353037K [0x0000000702c00000, 0x0000000800000000)
  region size 2048K, 9 young (18432K), 2 survivors (4096K)
 Metaspace       used 65066K, committed 65536K, reserved 1105920K
  class space    used 8657K, committed 8896K, reserved 1048576K
}
Event: 85.587 GC heap after
{Heap after GC invocations=39 (full 0):
 garbage-first heap   total 378880K, used 350146K [0x0000000702c00000, 0x0000000800000000)
  region size 2048K, 2 young (4096K), 2 survivors (4096K)
 Metaspace       used 65066K, committed 65536K, reserved 1105920K
  class space    used 8657K, committed 8896K, reserved 1048576K
}
Event: 86.014 GC heap before
{Heap before GC invocations=40 (full 0):
 garbage-first heap   total 583680K, used 360386K [0x0000000702c00000, 0x0000000800000000)
  region size 2048K, 9 young (18432K), 2 survivors (4096K)
 Metaspace       used 65066K, committed 65536K, reserved 1105920K
  class space    used 8657K, committed 8896K, reserved 1048576K
}
Event: 86.018 GC heap after
{Heap after GC invocations=41 (full 0):
 garbage-first heap   total 583680K, used 357817K [0x0000000702c00000, 0x0000000800000000)
  region size 2048K, 2 young (4096K), 2 survivors (4096K)
 Metaspace       used 65066K, committed 65536K, reserved 1105920K
  class space    used 8657K, committed 8896K, reserved 1048576K
}
Event: 86.332 GC heap before
{Heap before GC invocations=41 (full 0):
 garbage-first heap   total 583680K, used 382393K [0x0000000702c00000, 0x0000000800000000)
  region size 2048K, 14 young (28672K), 2 survivors (4096K)
 Metaspace       used 65273K, committed 65728K, reserved 1105920K
  class space    used 8662K, committed 8896K, reserved 1048576K
}
Event: 86.338 GC heap after
{Heap after GC invocations=42 (full 0):
 garbage-first heap   total 583680K, used 362652K [0x0000000702c00000, 0x0000000800000000)
  region size 2048K, 2 young (4096K), 2 survivors (4096K)
 Metaspace       used 65273K, committed 65728K, reserved 1105920K
  class space    used 8662K, committed 8896K, reserved 1048576K
}
Event: 86.580 GC heap before
{Heap before GC invocations=42 (full 0):
 garbage-first heap   total 583680K, used 419996K [0x0000000702c00000, 0x0000000800000000)
  region size 2048K, 30 young (61440K), 2 survivors (4096K)
 Metaspace       used 65273K, committed 65728K, reserved 1105920K
  class space    used 8662K, committed 8896K, reserved 1048576K
}
Event: 86.589 GC heap after
{Heap after GC invocations=43 (full 0):
 garbage-first heap   total 583680K, used 377471K [0x0000000702c00000, 0x0000000800000000)
  region size 2048K, 4 young (8192K), 4 survivors (8192K)
 Metaspace       used 65273K, committed 65728K, reserved 1105920K
  class space    used 8662K, committed 8896K, reserved 1048576K
}
Event: 86.711 GC heap before
{Heap before GC invocations=43 (full 0):
 garbage-first heap   total 583680K, used 434815K [0x0000000702c00000, 0x0000000800000000)
  region size 2048K, 31 young (63488K), 4 survivors (8192K)
 Metaspace       used 65273K, committed 65728K, reserved 1105920K
  class space    used 8662K, committed 8896K, reserved 1048576K
}
Event: 86.725 GC heap after
{Heap after GC invocations=44 (full 0):
 garbage-first heap   total 583680K, used 393357K [0x0000000702c00000, 0x0000000800000000)
  region size 2048K, 4 young (8192K), 4 survivors (8192K)
 Metaspace       used 65273K, committed 65728K, reserved 1105920K
  class space    used 8662K, committed 8896K, reserved 1048576K
}
Event: 86.831 GC heap before
{Heap before GC invocations=44 (full 0):
 garbage-first heap   total 583680K, used 446605K [0x0000000702c00000, 0x0000000800000000)
  region size 2048K, 30 young (61440K), 4 survivors (8192K)
 Metaspace       used 65278K, committed 65728K, reserved 1105920K
  class space    used 8662K, committed 8896K, reserved 1048576K
}
Event: 86.842 GC heap after
{Heap after GC invocations=45 (full 0):
 garbage-first heap   total 583680K, used 407768K [0x0000000702c00000, 0x0000000800000000)
  region size 2048K, 4 young (8192K), 4 survivors (8192K)
 Metaspace       used 65278K, committed 65728K, reserved 1105920K
  class space    used 8662K, committed 8896K, reserved 1048576K
}
Event: 86.928 GC heap before
{Heap before GC invocations=45 (full 0):
 garbage-first heap   total 583680K, used 458968K [0x0000000702c00000, 0x0000000800000000)
  region size 2048K, 29 young (59392K), 4 survivors (8192K)
 Metaspace       used 65278K, committed 65728K, reserved 1105920K
  class space    used 8662K, committed 8896K, reserved 1048576K
}
Event: 86.940 GC heap after
{Heap after GC invocations=46 (full 0):
 garbage-first heap   total 583680K, used 421826K [0x0000000702c00000, 0x0000000800000000)
  region size 2048K, 4 young (8192K), 4 survivors (8192K)
 Metaspace       used 65278K, committed 65728K, reserved 1105920K
  class space    used 8662K, committed 8896K, reserved 1048576K
}
Event: 87.034 GC heap before
{Heap before GC invocations=46 (full 0):
 garbage-first heap   total 583680K, used 477122K [0x0000000702c00000, 0x0000000800000000)
  region size 2048K, 28 young (57344K), 4 survivors (8192K)
 Metaspace       used 65278K, committed 65728K, reserved 1105920K
  class space    used 8662K, committed 8896K, reserved 1048576K
}

